<?xml version="1.0"?>
<D:root xmlns:D="http://technosophos.com/schemata/D">
  <D:hi>Hello</D:hi>
</D:root>
